#-----------------------------------------------------------
# Vivado v2020.1 (64-bit)
# SW Build 2902540 on Wed May 27 19:54:49 MDT 2020
# IP Build 2902112 on Wed May 27 22:43:36 MDT 2020
# Start of session at: Wed Dec 11 11:10:20 2024
# Process ID: 28184
# Current directory: C:/Users/ts09263/Downloads/DemoMazeProjectVer3 - destinationlogic/DemoMazeProjectVer3/DemoMazeProjectVer3/DemoMazeProjectVer2/MazeProjectFinal
# Command line: vivado.exe -gui_launcher_event rodinguilauncherevent35472 C:\Users\ts09263\Downloads\DemoMazeProjectVer3 - destinationlogic\DemoMazeProjectVer3\DemoMazeProjectVer3\DemoMazeProjectVer2\MazeProjectFinal\MazeProjectFinal.xpr
# Log file: C:/Users/ts09263/Downloads/DemoMazeProjectVer3 - destinationlogic/DemoMazeProjectVer3/DemoMazeProjectVer3/DemoMazeProjectVer2/MazeProjectFinal/vivado.log
# Journal file: C:/Users/ts09263/Downloads/DemoMazeProjectVer3 - destinationlogic/DemoMazeProjectVer3/DemoMazeProjectVer3/DemoMazeProjectVer2/MazeProjectFinal\vivado.jou
#-----------------------------------------------------------
start_gui
open_project {C:/Users/ts09263/Downloads/DemoMazeProjectVer3 - destinationlogic/DemoMazeProjectVer3/DemoMazeProjectVer3/DemoMazeProjectVer2/MazeProjectFinal/MazeProjectFinal.xpr}
INFO: [ProjectBase 1-489] The host OS only allows 260 characters in a normal path. The project is stored in a path with more than 80 characters. If you experience issues with IP, Block Designs, or files not being found, please consider moving the project to a location with a shorter path. Alternately consider using the OS subst command to map part of the path to a drive letter.
Current project path is 'C:/Users/ts09263/Downloads/DemoMazeProjectVer3 - destinationlogic/DemoMazeProjectVer3/DemoMazeProjectVer3/DemoMazeProjectVer2/MazeProjectFinal'
INFO: [Project 1-313] Project file moved from 'C:/Users/ts09263/Downloads/DemoMazeProjectVer3 - curr/DemoMazeProjectVer3/DemoMazeProjectVer3/DemoMazeProjectVer2/MazeProjectFinal' since last save.
Scanning sources...
Finished scanning sources
INFO: [IP_Flow 19-234] Refreshing IP repositories
INFO: [IP_Flow 19-1704] No user IP repositories specified
INFO: [IP_Flow 19-2313] Loaded Vivado IP repository 'C:/Xilinx/Vivado/2020.1/data/ip'.
reset_run synth_1
launch_runs synth_1 -jobs 10
[Wed Dec 11 11:10:38 2024] Launched synth_1...
Run output will be captured here: C:/Users/ts09263/Downloads/DemoMazeProjectVer3 - destinationlogic/DemoMazeProjectVer3/DemoMazeProjectVer3/DemoMazeProjectVer2/MazeProjectFinal/MazeProjectFinal.runs/synth_1/runme.log
update_compile_order -fileset sources_1
launch_runs impl_1 -jobs 10
[Wed Dec 11 11:11:35 2024] Launched impl_1...
Run output will be captured here: C:/Users/ts09263/Downloads/DemoMazeProjectVer3 - destinationlogic/DemoMazeProjectVer3/DemoMazeProjectVer3/DemoMazeProjectVer2/MazeProjectFinal/MazeProjectFinal.runs/impl_1/runme.log
launch_runs impl_1 -to_step write_bitstream -jobs 10
[Wed Dec 11 11:12:34 2024] Launched impl_1...
Run output will be captured here: C:/Users/ts09263/Downloads/DemoMazeProjectVer3 - destinationlogic/DemoMazeProjectVer3/DemoMazeProjectVer3/DemoMazeProjectVer2/MazeProjectFinal/MazeProjectFinal.runs/impl_1/runme.log
open_hw_manager
exit
INFO: [Common 17-206] Exiting Vivado at Wed Dec 11 11:13:41 2024...
