#-----------------------------------------------------------
# Vivado v2020.1 (64-bit)
# SW Build 2902540 on Wed May 27 19:54:49 MDT 2020
# IP Build 2902112 on Wed May 27 22:43:36 MDT 2020
# Start of session at: Thu Dec 12 17:08:14 2024
# Process ID: 3136
# Current directory: C:/Users/Public/Dev/LUMIMAZE/LUMINAZE_FINAL
# Command line: vivado.exe -gui_launcher_event rodinguilauncherevent20748 C:\Users\Public\Dev\LUMIMAZE\LUMINAZE_FINAL\MazeProjectFinal.xpr
# Log file: C:/Users/Public/Dev/LUMIMAZE/LUMINAZE_FINAL/vivado.log
# Journal file: C:/Users/Public/Dev/LUMIMAZE/LUMINAZE_FINAL\vivado.jou
#-----------------------------------------------------------
start_gui
open_project C:/Users/Public/Dev/LUMIMAZE/LUMINAZE_FINAL/MazeProjectFinal.xpr
INFO: [Project 1-313] Project file moved from 'C:/Users/ts09263/Downloads/MazeProjectFinal_12th/MazeProjectFinal' since last save.
Scanning sources...
Finished scanning sources
INFO: [IP_Flow 19-234] Refreshing IP repositories
INFO: [IP_Flow 19-1704] No user IP repositories specified
INFO: [IP_Flow 19-2313] Loaded Vivado IP repository 'C:/Xilinx/Vivado/2020.1/data/ip'.
open_project: Time (s): cpu = 00:00:40 ; elapsed = 00:00:16 . Memory (MB): peak = 1024.395 ; gain = 0.000
update_compile_order -fileset sources_1
exit
INFO: [Common 17-206] Exiting Vivado at Thu Dec 12 17:11:32 2024...
