#-----------------------------------------------------------
# Vivado v2020.1 (64-bit)
# SW Build 2902540 on Wed May 27 19:54:49 MDT 2020
# IP Build 2902112 on Wed May 27 22:43:36 MDT 2020
# Start of session at: Thu Dec 12 17:15:52 2024
# Process ID: 22044
# Current directory: C:/Users/Public/Dev/LUMIMAZE/LUMIMAZE/LUMINAZE_FINAL
# Command line: vivado.exe -gui_launcher_event rodinguilauncherevent21824 C:\Users\Public\Dev\LUMIMAZE\LUMIMAZE\LUMINAZE_FINAL\MazeProjectFinal.xpr
# Log file: C:/Users/Public/Dev/LUMIMAZE/LUMIMAZE/LUMINAZE_FINAL/vivado.log
# Journal file: C:/Users/Public/Dev/LUMIMAZE/LUMIMAZE/LUMINAZE_FINAL\vivado.jou
#-----------------------------------------------------------
start_gui
open_project C:/Users/Public/Dev/LUMIMAZE/LUMIMAZE/LUMINAZE_FINAL/MazeProjectFinal.xpr
INFO: [Project 1-313] Project file moved from 'C:/Users/ts09263/Downloads/MazeProjectFinal_12th/MazeProjectFinal' since last save.
Scanning sources...
Finished scanning sources
INFO: [IP_Flow 19-234] Refreshing IP repositories
INFO: [IP_Flow 19-1704] No user IP repositories specified
INFO: [IP_Flow 19-2313] Loaded Vivado IP repository 'C:/Xilinx/Vivado/2020.1/data/ip'.
open_project: Time (s): cpu = 00:00:42 ; elapsed = 00:00:19 . Memory (MB): peak = 1025.570 ; gain = 0.000
update_compile_order -fileset sources_1
reset_run synth_1
launch_runs synth_1 -jobs 2
[Thu Dec 12 17:17:37 2024] Launched synth_1...
Run output will be captured here: C:/Users/Public/Dev/LUMIMAZE/LUMIMAZE/LUMINAZE_FINAL/MazeProjectFinal.runs/synth_1/runme.log
launch_runs impl_1 -jobs 2
[Thu Dec 12 17:19:38 2024] Launched impl_1...
Run output will be captured here: C:/Users/Public/Dev/LUMIMAZE/LUMIMAZE/LUMINAZE_FINAL/MazeProjectFinal.runs/impl_1/runme.log
launch_runs impl_1 -to_step write_bitstream -jobs 2
[Thu Dec 12 17:23:24 2024] Launched impl_1...
Run output will be captured here: C:/Users/Public/Dev/LUMIMAZE/LUMIMAZE/LUMINAZE_FINAL/MazeProjectFinal.runs/impl_1/runme.log
open_hw_manager
close_hw_manager
exit
INFO: [Common 17-206] Exiting Vivado at Thu Dec 12 17:25:51 2024...
